15-May-2025 18:58:58.148 INFORMACIÓN [main] org.apache.catalina.startup.VersionLoggerListener.log Nombre de la versión del servidor: Apache Tomcat/9.0.102
15-May-2025 18:58:58.151 INFORMACIÓN [main] org.apache.catalina.startup.VersionLoggerListener.log Server built:                      Mar 3 2025 19:33:14 UTC
15-May-2025 18:58:58.151 INFORMACIÓN [main] org.apache.catalina.startup.VersionLoggerListener.log Número de versión de servidor:     9.0.102.0
15-May-2025 18:58:58.152 INFORMACIÓN [main] org.apache.catalina.startup.VersionLoggerListener.log OS Name:                           Windows 10
15-May-2025 18:58:58.152 INFORMACIÓN [main] org.apache.catalina.startup.VersionLoggerListener.log Versión de Systema Operativo:      10.0
15-May-2025 18:58:58.152 INFORMACIÓN [main] org.apache.catalina.startup.VersionLoggerListener.log Arquitectura:                      amd64
15-May-2025 18:58:58.152 INFORMACIÓN [main] org.apache.catalina.startup.VersionLoggerListener.log Java Home:                         C:\Program Files\Eclipse Adoptium\jdk-17.0.7.7-hotspot
15-May-2025 18:58:58.152 INFORMACIÓN [main] org.apache.catalina.startup.VersionLoggerListener.log JVM Version:                       17.0.7+7
15-May-2025 18:58:58.152 INFORMACIÓN [main] org.apache.catalina.startup.VersionLoggerListener.log Vededor JVM:                       Eclipse Adoptium
15-May-2025 18:58:58.152 INFORMACIÓN [main] org.apache.catalina.startup.VersionLoggerListener.log CATALINA_BASE:                     D:\PERSONAS\Marcos\Clases\Reto1Evaluacion\programación\pruebaDBconsola -El QUE VA - copia
15-May-2025 18:58:58.152 INFORMACIÓN [main] org.apache.catalina.startup.VersionLoggerListener.log CATALINA_HOME:                     D:\PERSONAS\Marcos\Clases\Reto1Evaluacion\programación\apache-tomcat-9.0.102-windows-x64\apache-tomcat-9.0.102
15-May-2025 18:58:58.159 INFORMACIÓN [main] org.apache.catalina.startup.VersionLoggerListener.log Command line argument:             --add-opens=java.base/java.lang=ALL-UNNAMED
15-May-2025 18:58:58.159 INFORMACIÓN [main] org.apache.catalina.startup.VersionLoggerListener.log Command line argument:             --add-opens=java.base/java.io=ALL-UNNAMED
15-May-2025 18:58:58.159 INFORMACIÓN [main] org.apache.catalina.startup.VersionLoggerListener.log Command line argument:             --add-opens=java.base/java.util=ALL-UNNAMED
15-May-2025 18:58:58.159 INFORMACIÓN [main] org.apache.catalina.startup.VersionLoggerListener.log Command line argument:             --add-opens=java.base/java.util.concurrent=ALL-UNNAMED
15-May-2025 18:58:58.160 INFORMACIÓN [main] org.apache.catalina.startup.VersionLoggerListener.log Command line argument:             --add-opens=java.rmi/sun.rmi.transport=ALL-UNNAMED
15-May-2025 18:58:58.160 INFORMACIÓN [main] org.apache.catalina.startup.VersionLoggerListener.log Command line argument:             -Dcatalina.home=D:\PERSONAS\Marcos\Clases\Reto1Evaluacion\programación\apache-tomcat-9.0.102-windows-x64\apache-tomcat-9.0.102
15-May-2025 18:58:58.160 INFORMACIÓN [main] org.apache.catalina.startup.VersionLoggerListener.log Command line argument:             -Dcatalina.base=D:\PERSONAS\Marcos\Clases\Reto1Evaluacion\programación\pruebaDBconsola -El QUE VA - copia
15-May-2025 18:58:58.160 INFORMACIÓN [main] org.apache.catalina.startup.VersionLoggerListener.log Command line argument:             -Djava.io.tmpdir=D:\PERSONAS\Marcos\Clases\Reto1Evaluacion\programación\pruebaDBconsola -El QUE VA - copia\temp
15-May-2025 18:58:58.160 INFORMACIÓN [main] org.apache.catalina.startup.VersionLoggerListener.log Command line argument:             -Djava.util.logging.config.file=D:\PERSONAS\Marcos\Clases\Reto1Evaluacion\programación\pruebaDBconsola -El QUE VA - copia\conf\logging.properties
15-May-2025 18:58:58.160 INFORMACIÓN [main] org.apache.catalina.startup.VersionLoggerListener.log Command line argument:             -Djava.util.logging.manager=org.apache.juli.ClassLoaderLogManager
15-May-2025 18:58:58.160 INFORMACIÓN [main] org.apache.catalina.startup.VersionLoggerListener.log Command line argument:             -javaagent:C:\Program Files\JetBrains\IntelliJ IDEA Community Edition 2023.1.3\lib\idea_rt.jar=62628:C:\Program Files\JetBrains\IntelliJ IDEA Community Edition 2023.1.3\bin
15-May-2025 18:58:58.160 INFORMACIÓN [main] org.apache.catalina.startup.VersionLoggerListener.log Command line argument:             -Dfile.encoding=UTF-8
15-May-2025 18:58:58.289 INFORMACIÓN [main] org.apache.catalina.core.AprLifecycleListener.lifecycleEvent Cargada la biblioteca nativa APR de Apache Tomcat [1.3.1] con la versión APR [1.7.4].
15-May-2025 18:58:58.290 INFORMACIÓN [main] org.apache.catalina.core.AprLifecycleListener.lifecycleEvent Capacidades APR: IPv6 [true], enviar fichero [true], aceptar filtros [false], aleatorio [true], UDS [true].
15-May-2025 18:58:58.290 INFORMACIÓN [main] org.apache.catalina.core.AprLifecycleListener.lifecycleEvent APR/OpenSSL configuration: useAprConnector [false], useOpenSSL [true]
15-May-2025 18:58:58.294 INFORMACIÓN [main] org.apache.catalina.core.AprLifecycleListener.initializeSSL OpenSSL inicializado correctamente [OpenSSL 3.0.14 4 Jun 2024]
15-May-2025 18:58:58.501 INFORMACIÓN [main] org.apache.coyote.AbstractProtocol.init Inicializando el manejador de protocolo ["http-nio-8080"]

15-May-2025 18:58:58.520 INFORMACIÓN [main] org.apache.catalina.startup.Catalina.load Server initialization in [530] milliseconds
15-May-2025 18:58:58.561 INFORMACIÓN [main] org.apache.catalina.core.StandardService.startInternal Arrancando servicio [Catalina]
15-May-2025 18:58:58.562 INFORMACIÓN [main] org.apache.catalina.core.StandardEngine.startInternal Starting Servlet engine: [Apache Tomcat/9.0.102]
15-May-2025 18:58:58.571 INFORMACIÓN [main] org.apache.catalina.startup.HostConfig.deployDescriptor Desplieque del descriptor de configuración [D:\PERSONAS\Marcos\Clases\Reto1Evaluacion\programación\pruebaDBconsola -El QUE VA - copia\conf\Catalina\localhost\TestAlecove.xml]
15-May-2025 18:58:59.167 INFORMACIÓN [main] org.apache.jasper.servlet.TldScanner.scanJars Al menos un JAR, que se ha explorado buscando TLDs, aún no contenía TLDs. Activar historial de depuración para este historiador para una completa lista de los JARs que fueron explorados y de los que nos se halló TLDs. Saltarse JARs no necesarios durante la exploración puede dar lugar a una mejora de tiempo significativa en el arranque y compilación de JSP .
15-May-2025 18:58:59.232 INFORMACIÓN [main] org.apache.catalina.startup.HostConfig.deployDescriptor Deployment of deployment descriptor [D:\PERSONAS\Marcos\Clases\Reto1Evaluacion\programación\pruebaDBconsola -El QUE VA - copia\conf\Catalina\localhost\TestAlecove.xml] has finished in [661] ms
15-May-2025 18:58:59.235 INFORMACIÓN [main] org.apache.coyote.AbstractProtocol.start Starting ProtocolHandler ["http-nio-8080"]
15-May-2025 18:58:59.271 INFORMACIÓN [main] org.apache.catalina.startup.Catalina.start Server startup in [750] milliseconds
