14-May-2025 19:38:42.099 INFORMACIÓN [main] org.apache.catalina.startup.VersionLoggerListener.log Nombre de la versión del servidor: Apache Tomcat/9.0.102
14-May-2025 19:38:42.102 INFORMACIÓN [main] org.apache.catalina.startup.VersionLoggerListener.log Server built:                      Mar 3 2025 19:33:14 UTC
14-May-2025 19:38:42.102 INFORMACIÓN [main] org.apache.catalina.startup.VersionLoggerListener.log Número de versión de servidor:     9.0.102.0
14-May-2025 19:38:42.102 INFORMACIÓN [main] org.apache.catalina.startup.VersionLoggerListener.log OS Name:                           Windows 10
14-May-2025 19:38:42.102 INFORMACIÓN [main] org.apache.catalina.startup.VersionLoggerListener.log Versión de Systema Operativo:      10.0
14-May-2025 19:38:42.102 INFORMACIÓN [main] org.apache.catalina.startup.VersionLoggerListener.log Arquitectura:                      amd64
14-May-2025 19:38:42.102 INFORMACIÓN [main] org.apache.catalina.startup.VersionLoggerListener.log Java Home:                         C:\Program Files\Eclipse Adoptium\jdk-17.0.7.7-hotspot
14-May-2025 19:38:42.102 INFORMACIÓN [main] org.apache.catalina.startup.VersionLoggerListener.log JVM Version:                       17.0.7+7
14-May-2025 19:38:42.102 INFORMACIÓN [main] org.apache.catalina.startup.VersionLoggerListener.log Vededor JVM:                       Eclipse Adoptium
14-May-2025 19:38:42.102 INFORMACIÓN [main] org.apache.catalina.startup.VersionLoggerListener.log CATALINA_BASE:                     D:\PERSONAS\Marcos\Clases\Reto1Evaluacion\programación\pruebaDBconsola -El QUE VA - copia
14-May-2025 19:38:42.102 INFORMACIÓN [main] org.apache.catalina.startup.VersionLoggerListener.log CATALINA_HOME:                     D:\PERSONAS\Marcos\Clases\Reto1Evaluacion\programación\apache-tomcat-9.0.102-windows-x64\apache-tomcat-9.0.102
14-May-2025 19:38:42.111 INFORMACIÓN [main] org.apache.catalina.startup.VersionLoggerListener.log Command line argument:             --add-opens=java.base/java.lang=ALL-UNNAMED
14-May-2025 19:38:42.111 INFORMACIÓN [main] org.apache.catalina.startup.VersionLoggerListener.log Command line argument:             --add-opens=java.base/java.io=ALL-UNNAMED
14-May-2025 19:38:42.111 INFORMACIÓN [main] org.apache.catalina.startup.VersionLoggerListener.log Command line argument:             --add-opens=java.base/java.util=ALL-UNNAMED
14-May-2025 19:38:42.111 INFORMACIÓN [main] org.apache.catalina.startup.VersionLoggerListener.log Command line argument:             --add-opens=java.base/java.util.concurrent=ALL-UNNAMED
14-May-2025 19:38:42.111 INFORMACIÓN [main] org.apache.catalina.startup.VersionLoggerListener.log Command line argument:             --add-opens=java.rmi/sun.rmi.transport=ALL-UNNAMED
14-May-2025 19:38:42.111 INFORMACIÓN [main] org.apache.catalina.startup.VersionLoggerListener.log Command line argument:             -agentlib:jdwp=transport=dt_socket,address=127.0.0.1:58004,suspend=y,server=n
14-May-2025 19:38:42.111 INFORMACIÓN [main] org.apache.catalina.startup.VersionLoggerListener.log Command line argument:             -Dcatalina.home=D:\PERSONAS\Marcos\Clases\Reto1Evaluacion\programación\apache-tomcat-9.0.102-windows-x64\apache-tomcat-9.0.102
14-May-2025 19:38:42.111 INFORMACIÓN [main] org.apache.catalina.startup.VersionLoggerListener.log Command line argument:             -Dcatalina.base=D:\PERSONAS\Marcos\Clases\Reto1Evaluacion\programación\pruebaDBconsola -El QUE VA - copia
14-May-2025 19:38:42.111 INFORMACIÓN [main] org.apache.catalina.startup.VersionLoggerListener.log Command line argument:             -Djava.io.tmpdir=D:\PERSONAS\Marcos\Clases\Reto1Evaluacion\programación\pruebaDBconsola -El QUE VA - copia\temp
14-May-2025 19:38:42.111 INFORMACIÓN [main] org.apache.catalina.startup.VersionLoggerListener.log Command line argument:             -Djava.util.logging.config.file=D:\PERSONAS\Marcos\Clases\Reto1Evaluacion\programación\pruebaDBconsola -El QUE VA - copia\conf\logging.properties
14-May-2025 19:38:42.111 INFORMACIÓN [main] org.apache.catalina.startup.VersionLoggerListener.log Command line argument:             -Djava.util.logging.manager=org.apache.juli.ClassLoaderLogManager
14-May-2025 19:38:42.112 INFORMACIÓN [main] org.apache.catalina.startup.VersionLoggerListener.log Command line argument:             -javaagent:C:\Users\S2-PC00\AppData\Local\JetBrains\IdeaIC2023.1\captureAgent\debugger-agent.jar
14-May-2025 19:38:42.112 INFORMACIÓN [main] org.apache.catalina.startup.VersionLoggerListener.log Command line argument:             -Dfile.encoding=UTF-8
14-May-2025 19:38:42.257 INFORMACIÓN [main] org.apache.catalina.core.AprLifecycleListener.lifecycleEvent Cargada la biblioteca nativa APR de Apache Tomcat [1.3.1] con la versión APR [1.7.4].
14-May-2025 19:38:42.258 INFORMACIÓN [main] org.apache.catalina.core.AprLifecycleListener.lifecycleEvent Capacidades APR: IPv6 [true], enviar fichero [true], aceptar filtros [false], aleatorio [true], UDS [true].
14-May-2025 19:38:42.258 INFORMACIÓN [main] org.apache.catalina.core.AprLifecycleListener.lifecycleEvent APR/OpenSSL configuration: useAprConnector [false], useOpenSSL [true]
14-May-2025 19:38:42.263 INFORMACIÓN [main] org.apache.catalina.core.AprLifecycleListener.initializeSSL OpenSSL inicializado correctamente [OpenSSL 3.0.14 4 Jun 2024]
14-May-2025 19:38:42.522 INFORMACIÓN [main] org.apache.coyote.AbstractProtocol.init Inicializando el manejador de protocolo ["http-nio-8080"]

14-May-2025 19:38:42.570 INFORMACIÓN [main] org.apache.catalina.startup.Catalina.load Server initialization in [642] milliseconds
14-May-2025 19:38:42.621 INFORMACIÓN [main] org.apache.catalina.core.StandardService.startInternal Arrancando servicio [Catalina]
14-May-2025 19:38:42.621 INFORMACIÓN [main] org.apache.catalina.core.StandardEngine.startInternal Starting Servlet engine: [Apache Tomcat/9.0.102]
14-May-2025 19:38:42.634 INFORMACIÓN [main] org.apache.catalina.startup.HostConfig.deployDescriptor Desplieque del descriptor de configuración [D:\PERSONAS\Marcos\Clases\Reto1Evaluacion\programación\pruebaDBconsola -El QUE VA - copia\conf\Catalina\localhost\TestAlecove.xml]
14-May-2025 19:38:43.367 INFORMACIÓN [main] org.apache.jasper.servlet.TldScanner.scanJars Al menos un JAR, que se ha explorado buscando TLDs, aún no contenía TLDs. Activar historial de depuración para este historiador para una completa lista de los JARs que fueron explorados y de los que nos se halló TLDs. Saltarse JARs no necesarios durante la exploración puede dar lugar a una mejora de tiempo significativa en el arranque y compilación de JSP .
14-May-2025 19:38:43.438 INFORMACIÓN [main] org.apache.catalina.startup.HostConfig.deployDescriptor Deployment of deployment descriptor [D:\PERSONAS\Marcos\Clases\Reto1Evaluacion\programación\pruebaDBconsola -El QUE VA - copia\conf\Catalina\localhost\TestAlecove.xml] has finished in [803] ms
14-May-2025 19:38:43.443 INFORMACIÓN [main] org.apache.coyote.AbstractProtocol.start Starting ProtocolHandler ["http-nio-8080"]
14-May-2025 19:38:43.487 INFORMACIÓN [main] org.apache.catalina.startup.Catalina.start Server startup in [916] milliseconds
14-May-2025 19:39:18.699 INFORMACIÓN [Thread-1] org.apache.coyote.AbstractProtocol.pause Pausing ProtocolHandler ["http-nio-8080"]
14-May-2025 19:39:18.763 INFORMACIÓN [Thread-1] org.apache.catalina.core.StandardService.stopInternal Parando servicio [Catalina]
14-May-2025 19:39:18.773 ADVERTENCIA [Thread-1] org.apache.catalina.loader.WebappClassLoaderBase.clearReferencesThreads The web application [TestAlecove] appears to have started a thread named [mysql-cj-abandoned-connection-cleanup] but has failed to stop it. This is very likely to create a memory leak. Stack trace of thread:
 java.base@17.0.7/java.lang.String.indexOf(String.java:2419)
 java.base@17.0.7/java.lang.String.indexOf(String.java:2376)
 java.base@17.0.7/java.net.URI$Parser.scan(URI.java:3079)
 java.base@17.0.7/java.net.URI$Parser.parseHierarchical(URI.java:3228)
 java.base@17.0.7/java.net.URI$Parser.parse(URI.java:3177)
 java.base@17.0.7/java.net.URI.<init>(URI.java:708)
 java.base@17.0.7/java.net.URI.<init>(URI.java:809)
 java.base@17.0.7/java.io.File.toURI(File.java:747)
 org.apache.catalina.webresources.FileResource.getURL(FileResource.java:282)
 org.apache.catalina.webresources.CachedResource.getURL(CachedResource.java:367)
 org.apache.catalina.loader.WebappClassLoaderBase.findResource(WebappClassLoaderBase.java:904)
 org.apache.catalina.loader.WebappClassLoaderBase.getResource(WebappClassLoaderBase.java:1017)
 com.mysql.cj.jdbc.AbandonedConnectionCleanupThread.checkThreadContextClassLoader(AbandonedConnectionCleanupThread.java:116)
 com.mysql.cj.jdbc.AbandonedConnectionCleanupThread.run(AbandonedConnectionCleanupThread.java:83)
 java.base@17.0.7/java.util.concurrent.ThreadPoolExecutor.runWorker(ThreadPoolExecutor.java:1136)
 java.base@17.0.7/java.util.concurrent.ThreadPoolExecutor$Worker.run(ThreadPoolExecutor.java:635)
 java.base@17.0.7/java.lang.Thread.run(Thread.java:833)
14-May-2025 19:39:18.777 INFORMACIÓN [Thread-1] org.apache.coyote.AbstractProtocol.stop Stopping ProtocolHandler ["http-nio-8080"]
14-May-2025 19:39:18.785 INFORMACIÓN [Thread-1] org.apache.coyote.AbstractProtocol.destroy Destroying ProtocolHandler ["http-nio-8080"]
14-May-2025 19:39:22.701 INFORMACIÓN [main] org.apache.catalina.startup.VersionLoggerListener.log Nombre de la versión del servidor: Apache Tomcat/9.0.102
14-May-2025 19:39:22.704 INFORMACIÓN [main] org.apache.catalina.startup.VersionLoggerListener.log Server built:                      Mar 3 2025 19:33:14 UTC
14-May-2025 19:39:22.705 INFORMACIÓN [main] org.apache.catalina.startup.VersionLoggerListener.log Número de versión de servidor:     9.0.102.0
14-May-2025 19:39:22.705 INFORMACIÓN [main] org.apache.catalina.startup.VersionLoggerListener.log OS Name:                           Windows 10
14-May-2025 19:39:22.705 INFORMACIÓN [main] org.apache.catalina.startup.VersionLoggerListener.log Versión de Systema Operativo:      10.0
14-May-2025 19:39:22.705 INFORMACIÓN [main] org.apache.catalina.startup.VersionLoggerListener.log Arquitectura:                      amd64
14-May-2025 19:39:22.705 INFORMACIÓN [main] org.apache.catalina.startup.VersionLoggerListener.log Java Home:                         C:\Program Files\Eclipse Adoptium\jdk-17.0.7.7-hotspot
14-May-2025 19:39:22.705 INFORMACIÓN [main] org.apache.catalina.startup.VersionLoggerListener.log JVM Version:                       17.0.7+7
14-May-2025 19:39:22.705 INFORMACIÓN [main] org.apache.catalina.startup.VersionLoggerListener.log Vededor JVM:                       Eclipse Adoptium
14-May-2025 19:39:22.705 INFORMACIÓN [main] org.apache.catalina.startup.VersionLoggerListener.log CATALINA_BASE:                     D:\PERSONAS\Marcos\Clases\Reto1Evaluacion\programación\pruebaDBconsola -El QUE VA - copia
14-May-2025 19:39:22.705 INFORMACIÓN [main] org.apache.catalina.startup.VersionLoggerListener.log CATALINA_HOME:                     D:\PERSONAS\Marcos\Clases\Reto1Evaluacion\programación\apache-tomcat-9.0.102-windows-x64\apache-tomcat-9.0.102
14-May-2025 19:39:22.713 INFORMACIÓN [main] org.apache.catalina.startup.VersionLoggerListener.log Command line argument:             --add-opens=java.base/java.lang=ALL-UNNAMED
14-May-2025 19:39:22.714 INFORMACIÓN [main] org.apache.catalina.startup.VersionLoggerListener.log Command line argument:             --add-opens=java.base/java.io=ALL-UNNAMED
14-May-2025 19:39:22.714 INFORMACIÓN [main] org.apache.catalina.startup.VersionLoggerListener.log Command line argument:             --add-opens=java.base/java.util=ALL-UNNAMED
14-May-2025 19:39:22.714 INFORMACIÓN [main] org.apache.catalina.startup.VersionLoggerListener.log Command line argument:             --add-opens=java.base/java.util.concurrent=ALL-UNNAMED
14-May-2025 19:39:22.714 INFORMACIÓN [main] org.apache.catalina.startup.VersionLoggerListener.log Command line argument:             --add-opens=java.rmi/sun.rmi.transport=ALL-UNNAMED
14-May-2025 19:39:22.714 INFORMACIÓN [main] org.apache.catalina.startup.VersionLoggerListener.log Command line argument:             -agentlib:jdwp=transport=dt_socket,address=127.0.0.1:58016,suspend=y,server=n
14-May-2025 19:39:22.714 INFORMACIÓN [main] org.apache.catalina.startup.VersionLoggerListener.log Command line argument:             -Dcatalina.home=D:\PERSONAS\Marcos\Clases\Reto1Evaluacion\programación\apache-tomcat-9.0.102-windows-x64\apache-tomcat-9.0.102
14-May-2025 19:39:22.714 INFORMACIÓN [main] org.apache.catalina.startup.VersionLoggerListener.log Command line argument:             -Dcatalina.base=D:\PERSONAS\Marcos\Clases\Reto1Evaluacion\programación\pruebaDBconsola -El QUE VA - copia
14-May-2025 19:39:22.714 INFORMACIÓN [main] org.apache.catalina.startup.VersionLoggerListener.log Command line argument:             -Djava.io.tmpdir=D:\PERSONAS\Marcos\Clases\Reto1Evaluacion\programación\pruebaDBconsola -El QUE VA - copia\temp
14-May-2025 19:39:22.714 INFORMACIÓN [main] org.apache.catalina.startup.VersionLoggerListener.log Command line argument:             -Djava.util.logging.config.file=D:\PERSONAS\Marcos\Clases\Reto1Evaluacion\programación\pruebaDBconsola -El QUE VA - copia\conf\logging.properties
14-May-2025 19:39:22.714 INFORMACIÓN [main] org.apache.catalina.startup.VersionLoggerListener.log Command line argument:             -Djava.util.logging.manager=org.apache.juli.ClassLoaderLogManager
14-May-2025 19:39:22.714 INFORMACIÓN [main] org.apache.catalina.startup.VersionLoggerListener.log Command line argument:             -javaagent:C:\Users\S2-PC00\AppData\Local\JetBrains\IdeaIC2023.1\captureAgent\debugger-agent.jar
14-May-2025 19:39:22.714 INFORMACIÓN [main] org.apache.catalina.startup.VersionLoggerListener.log Command line argument:             -Dfile.encoding=UTF-8
14-May-2025 19:39:22.717 INFORMACIÓN [main] org.apache.catalina.core.AprLifecycleListener.lifecycleEvent Cargada la biblioteca nativa APR de Apache Tomcat [1.3.1] con la versión APR [1.7.4].
14-May-2025 19:39:22.717 INFORMACIÓN [main] org.apache.catalina.core.AprLifecycleListener.lifecycleEvent Capacidades APR: IPv6 [true], enviar fichero [true], aceptar filtros [false], aleatorio [true], UDS [true].
14-May-2025 19:39:22.717 INFORMACIÓN [main] org.apache.catalina.core.AprLifecycleListener.lifecycleEvent APR/OpenSSL configuration: useAprConnector [false], useOpenSSL [true]
14-May-2025 19:39:22.722 INFORMACIÓN [main] org.apache.catalina.core.AprLifecycleListener.initializeSSL OpenSSL inicializado correctamente [OpenSSL 3.0.14 4 Jun 2024]
14-May-2025 19:39:22.924 INFORMACIÓN [main] org.apache.coyote.AbstractProtocol.init Inicializando el manejador de protocolo ["http-nio-8080"]

14-May-2025 19:39:22.958 INFORMACIÓN [main] org.apache.catalina.startup.Catalina.load Server initialization in [424] milliseconds
14-May-2025 19:39:23.020 INFORMACIÓN [main] org.apache.catalina.core.StandardService.startInternal Arrancando servicio [Catalina]
14-May-2025 19:39:23.020 INFORMACIÓN [main] org.apache.catalina.core.StandardEngine.startInternal Starting Servlet engine: [Apache Tomcat/9.0.102]
14-May-2025 19:39:23.029 INFORMACIÓN [main] org.apache.catalina.startup.HostConfig.deployDescriptor Desplieque del descriptor de configuración [D:\PERSONAS\Marcos\Clases\Reto1Evaluacion\programación\pruebaDBconsola -El QUE VA - copia\conf\Catalina\localhost\TestAlecove.xml]
14-May-2025 19:39:23.673 INFORMACIÓN [main] org.apache.jasper.servlet.TldScanner.scanJars Al menos un JAR, que se ha explorado buscando TLDs, aún no contenía TLDs. Activar historial de depuración para este historiador para una completa lista de los JARs que fueron explorados y de los que nos se halló TLDs. Saltarse JARs no necesarios durante la exploración puede dar lugar a una mejora de tiempo significativa en el arranque y compilación de JSP .
14-May-2025 19:39:23.742 INFORMACIÓN [main] org.apache.catalina.startup.HostConfig.deployDescriptor Deployment of deployment descriptor [D:\PERSONAS\Marcos\Clases\Reto1Evaluacion\programación\pruebaDBconsola -El QUE VA - copia\conf\Catalina\localhost\TestAlecove.xml] has finished in [711] ms
14-May-2025 19:39:23.751 INFORMACIÓN [main] org.apache.coyote.AbstractProtocol.start Starting ProtocolHandler ["http-nio-8080"]
14-May-2025 19:39:23.791 INFORMACIÓN [main] org.apache.catalina.startup.Catalina.start Server startup in [832] milliseconds
14-May-2025 19:42:40.157 INFORMACIÓN [Thread-1] org.apache.coyote.AbstractProtocol.pause Pausing ProtocolHandler ["http-nio-8080"]
14-May-2025 19:42:40.222 INFORMACIÓN [Thread-1] org.apache.catalina.core.StandardService.stopInternal Parando servicio [Catalina]
14-May-2025 19:42:40.232 ADVERTENCIA [Thread-1] org.apache.catalina.loader.WebappClassLoaderBase.clearReferencesThreads The web application [TestAlecove] appears to have started a thread named [mysql-cj-abandoned-connection-cleanup] but has failed to stop it. This is very likely to create a memory leak. Stack trace of thread:
 java.base@17.0.7/java.lang.Object.wait(Native Method)
 java.base@17.0.7/java.lang.ref.ReferenceQueue.remove(ReferenceQueue.java:155)
 com.mysql.cj.jdbc.AbandonedConnectionCleanupThread.run(AbandonedConnectionCleanupThread.java:84)
 java.base@17.0.7/java.util.concurrent.ThreadPoolExecutor.runWorker(ThreadPoolExecutor.java:1136)
 java.base@17.0.7/java.util.concurrent.ThreadPoolExecutor$Worker.run(ThreadPoolExecutor.java:635)
 java.base@17.0.7/java.lang.Thread.run(Thread.java:833)
14-May-2025 19:42:40.236 INFORMACIÓN [Thread-1] org.apache.coyote.AbstractProtocol.stop Stopping ProtocolHandler ["http-nio-8080"]
14-May-2025 19:42:40.250 INFORMACIÓN [Thread-1] org.apache.coyote.AbstractProtocol.destroy Destroying ProtocolHandler ["http-nio-8080"]
14-May-2025 19:42:43.912 INFORMACIÓN [main] org.apache.catalina.startup.VersionLoggerListener.log Nombre de la versión del servidor: Apache Tomcat/9.0.102
14-May-2025 19:42:43.916 INFORMACIÓN [main] org.apache.catalina.startup.VersionLoggerListener.log Server built:                      Mar 3 2025 19:33:14 UTC
14-May-2025 19:42:43.916 INFORMACIÓN [main] org.apache.catalina.startup.VersionLoggerListener.log Número de versión de servidor:     9.0.102.0
14-May-2025 19:42:43.916 INFORMACIÓN [main] org.apache.catalina.startup.VersionLoggerListener.log OS Name:                           Windows 10
14-May-2025 19:42:43.916 INFORMACIÓN [main] org.apache.catalina.startup.VersionLoggerListener.log Versión de Systema Operativo:      10.0
14-May-2025 19:42:43.916 INFORMACIÓN [main] org.apache.catalina.startup.VersionLoggerListener.log Arquitectura:                      amd64
14-May-2025 19:42:43.916 INFORMACIÓN [main] org.apache.catalina.startup.VersionLoggerListener.log Java Home:                         C:\Program Files\Eclipse Adoptium\jdk-17.0.7.7-hotspot
14-May-2025 19:42:43.916 INFORMACIÓN [main] org.apache.catalina.startup.VersionLoggerListener.log JVM Version:                       17.0.7+7
14-May-2025 19:42:43.916 INFORMACIÓN [main] org.apache.catalina.startup.VersionLoggerListener.log Vededor JVM:                       Eclipse Adoptium
14-May-2025 19:42:43.916 INFORMACIÓN [main] org.apache.catalina.startup.VersionLoggerListener.log CATALINA_BASE:                     D:\PERSONAS\Marcos\Clases\Reto1Evaluacion\programación\pruebaDBconsola -El QUE VA - copia
14-May-2025 19:42:43.916 INFORMACIÓN [main] org.apache.catalina.startup.VersionLoggerListener.log CATALINA_HOME:                     D:\PERSONAS\Marcos\Clases\Reto1Evaluacion\programación\apache-tomcat-9.0.102-windows-x64\apache-tomcat-9.0.102
14-May-2025 19:42:43.926 INFORMACIÓN [main] org.apache.catalina.startup.VersionLoggerListener.log Command line argument:             --add-opens=java.base/java.lang=ALL-UNNAMED
14-May-2025 19:42:43.926 INFORMACIÓN [main] org.apache.catalina.startup.VersionLoggerListener.log Command line argument:             --add-opens=java.base/java.io=ALL-UNNAMED
14-May-2025 19:42:43.927 INFORMACIÓN [main] org.apache.catalina.startup.VersionLoggerListener.log Command line argument:             --add-opens=java.base/java.util=ALL-UNNAMED
14-May-2025 19:42:43.927 INFORMACIÓN [main] org.apache.catalina.startup.VersionLoggerListener.log Command line argument:             --add-opens=java.base/java.util.concurrent=ALL-UNNAMED
14-May-2025 19:42:43.927 INFORMACIÓN [main] org.apache.catalina.startup.VersionLoggerListener.log Command line argument:             --add-opens=java.rmi/sun.rmi.transport=ALL-UNNAMED
14-May-2025 19:42:43.927 INFORMACIÓN [main] org.apache.catalina.startup.VersionLoggerListener.log Command line argument:             -agentlib:jdwp=transport=dt_socket,address=127.0.0.1:58034,suspend=y,server=n
14-May-2025 19:42:43.927 INFORMACIÓN [main] org.apache.catalina.startup.VersionLoggerListener.log Command line argument:             -Dcatalina.home=D:\PERSONAS\Marcos\Clases\Reto1Evaluacion\programación\apache-tomcat-9.0.102-windows-x64\apache-tomcat-9.0.102
14-May-2025 19:42:43.927 INFORMACIÓN [main] org.apache.catalina.startup.VersionLoggerListener.log Command line argument:             -Dcatalina.base=D:\PERSONAS\Marcos\Clases\Reto1Evaluacion\programación\pruebaDBconsola -El QUE VA - copia
14-May-2025 19:42:43.927 INFORMACIÓN [main] org.apache.catalina.startup.VersionLoggerListener.log Command line argument:             -Djava.io.tmpdir=D:\PERSONAS\Marcos\Clases\Reto1Evaluacion\programación\pruebaDBconsola -El QUE VA - copia\temp
14-May-2025 19:42:43.927 INFORMACIÓN [main] org.apache.catalina.startup.VersionLoggerListener.log Command line argument:             -Djava.util.logging.config.file=D:\PERSONAS\Marcos\Clases\Reto1Evaluacion\programación\pruebaDBconsola -El QUE VA - copia\conf\logging.properties
14-May-2025 19:42:43.927 INFORMACIÓN [main] org.apache.catalina.startup.VersionLoggerListener.log Command line argument:             -Djava.util.logging.manager=org.apache.juli.ClassLoaderLogManager
14-May-2025 19:42:43.927 INFORMACIÓN [main] org.apache.catalina.startup.VersionLoggerListener.log Command line argument:             -javaagent:C:\Users\S2-PC00\AppData\Local\JetBrains\IdeaIC2023.1\captureAgent\debugger-agent.jar
14-May-2025 19:42:43.928 INFORMACIÓN [main] org.apache.catalina.startup.VersionLoggerListener.log Command line argument:             -Dfile.encoding=UTF-8
14-May-2025 19:42:43.930 INFORMACIÓN [main] org.apache.catalina.core.AprLifecycleListener.lifecycleEvent Cargada la biblioteca nativa APR de Apache Tomcat [1.3.1] con la versión APR [1.7.4].
14-May-2025 19:42:43.931 INFORMACIÓN [main] org.apache.catalina.core.AprLifecycleListener.lifecycleEvent Capacidades APR: IPv6 [true], enviar fichero [true], aceptar filtros [false], aleatorio [true], UDS [true].
14-May-2025 19:42:43.931 INFORMACIÓN [main] org.apache.catalina.core.AprLifecycleListener.lifecycleEvent APR/OpenSSL configuration: useAprConnector [false], useOpenSSL [true]
14-May-2025 19:42:43.936 INFORMACIÓN [main] org.apache.catalina.core.AprLifecycleListener.initializeSSL OpenSSL inicializado correctamente [OpenSSL 3.0.14 4 Jun 2024]
14-May-2025 19:42:44.146 INFORMACIÓN [main] org.apache.coyote.AbstractProtocol.init Inicializando el manejador de protocolo ["http-nio-8080"]

14-May-2025 19:42:44.179 INFORMACIÓN [main] org.apache.catalina.startup.Catalina.load Server initialization in [438] milliseconds
14-May-2025 19:42:44.235 INFORMACIÓN [main] org.apache.catalina.core.StandardService.startInternal Arrancando servicio [Catalina]
14-May-2025 19:42:44.235 INFORMACIÓN [main] org.apache.catalina.core.StandardEngine.startInternal Starting Servlet engine: [Apache Tomcat/9.0.102]
14-May-2025 19:42:44.245 INFORMACIÓN [main] org.apache.catalina.startup.HostConfig.deployDescriptor Desplieque del descriptor de configuración [D:\PERSONAS\Marcos\Clases\Reto1Evaluacion\programación\pruebaDBconsola -El QUE VA - copia\conf\Catalina\localhost\TestAlecove.xml]
14-May-2025 19:42:44.880 INFORMACIÓN [main] org.apache.jasper.servlet.TldScanner.scanJars Al menos un JAR, que se ha explorado buscando TLDs, aún no contenía TLDs. Activar historial de depuración para este historiador para una completa lista de los JARs que fueron explorados y de los que nos se halló TLDs. Saltarse JARs no necesarios durante la exploración puede dar lugar a una mejora de tiempo significativa en el arranque y compilación de JSP .
14-May-2025 19:42:44.944 INFORMACIÓN [main] org.apache.catalina.startup.HostConfig.deployDescriptor Deployment of deployment descriptor [D:\PERSONAS\Marcos\Clases\Reto1Evaluacion\programación\pruebaDBconsola -El QUE VA - copia\conf\Catalina\localhost\TestAlecove.xml] has finished in [697] ms
14-May-2025 19:42:44.950 INFORMACIÓN [main] org.apache.coyote.AbstractProtocol.start Starting ProtocolHandler ["http-nio-8080"]
14-May-2025 19:42:44.993 INFORMACIÓN [main] org.apache.catalina.startup.Catalina.start Server startup in [813] milliseconds
14-May-2025 19:45:51.279 INFORMACIÓN [Thread-1] org.apache.coyote.AbstractProtocol.pause Pausing ProtocolHandler ["http-nio-8080"]
14-May-2025 19:45:51.341 INFORMACIÓN [Thread-1] org.apache.catalina.core.StandardService.stopInternal Parando servicio [Catalina]
14-May-2025 19:45:51.353 ADVERTENCIA [Thread-1] org.apache.catalina.loader.WebappClassLoaderBase.clearReferencesThreads The web application [TestAlecove] appears to have started a thread named [mysql-cj-abandoned-connection-cleanup] but has failed to stop it. This is very likely to create a memory leak. Stack trace of thread:
 java.base@17.0.7/java.lang.Object.wait(Native Method)
 java.base@17.0.7/java.lang.ref.ReferenceQueue.remove(ReferenceQueue.java:155)
 com.mysql.cj.jdbc.AbandonedConnectionCleanupThread.run(AbandonedConnectionCleanupThread.java:84)
 java.base@17.0.7/java.util.concurrent.ThreadPoolExecutor.runWorker(ThreadPoolExecutor.java:1136)
 java.base@17.0.7/java.util.concurrent.ThreadPoolExecutor$Worker.run(ThreadPoolExecutor.java:635)
 java.base@17.0.7/java.lang.Thread.run(Thread.java:833)
14-May-2025 19:45:51.357 INFORMACIÓN [Thread-1] org.apache.coyote.AbstractProtocol.stop Stopping ProtocolHandler ["http-nio-8080"]
14-May-2025 19:45:51.377 INFORMACIÓN [Thread-1] org.apache.coyote.AbstractProtocol.destroy Destroying ProtocolHandler ["http-nio-8080"]
14-May-2025 19:45:52.729 INFORMACIÓN [main] org.apache.catalina.startup.VersionLoggerListener.log Nombre de la versión del servidor: Apache Tomcat/9.0.102
14-May-2025 19:45:52.732 INFORMACIÓN [main] org.apache.catalina.startup.VersionLoggerListener.log Server built:                      Mar 3 2025 19:33:14 UTC
14-May-2025 19:45:52.732 INFORMACIÓN [main] org.apache.catalina.startup.VersionLoggerListener.log Número de versión de servidor:     9.0.102.0
14-May-2025 19:45:52.732 INFORMACIÓN [main] org.apache.catalina.startup.VersionLoggerListener.log OS Name:                           Windows 10
14-May-2025 19:45:52.732 INFORMACIÓN [main] org.apache.catalina.startup.VersionLoggerListener.log Versión de Systema Operativo:      10.0
14-May-2025 19:45:52.732 INFORMACIÓN [main] org.apache.catalina.startup.VersionLoggerListener.log Arquitectura:                      amd64
14-May-2025 19:45:52.732 INFORMACIÓN [main] org.apache.catalina.startup.VersionLoggerListener.log Java Home:                         C:\Program Files\Eclipse Adoptium\jdk-17.0.7.7-hotspot
14-May-2025 19:45:52.732 INFORMACIÓN [main] org.apache.catalina.startup.VersionLoggerListener.log JVM Version:                       17.0.7+7
14-May-2025 19:45:52.732 INFORMACIÓN [main] org.apache.catalina.startup.VersionLoggerListener.log Vededor JVM:                       Eclipse Adoptium
14-May-2025 19:45:52.732 INFORMACIÓN [main] org.apache.catalina.startup.VersionLoggerListener.log CATALINA_BASE:                     D:\PERSONAS\Marcos\Clases\Reto1Evaluacion\programación\pruebaDBconsola -El QUE VA - copia
14-May-2025 19:45:52.732 INFORMACIÓN [main] org.apache.catalina.startup.VersionLoggerListener.log CATALINA_HOME:                     D:\PERSONAS\Marcos\Clases\Reto1Evaluacion\programación\apache-tomcat-9.0.102-windows-x64\apache-tomcat-9.0.102
14-May-2025 19:45:52.741 INFORMACIÓN [main] org.apache.catalina.startup.VersionLoggerListener.log Command line argument:             --add-opens=java.base/java.lang=ALL-UNNAMED
14-May-2025 19:45:52.741 INFORMACIÓN [main] org.apache.catalina.startup.VersionLoggerListener.log Command line argument:             --add-opens=java.base/java.io=ALL-UNNAMED
14-May-2025 19:45:52.741 INFORMACIÓN [main] org.apache.catalina.startup.VersionLoggerListener.log Command line argument:             --add-opens=java.base/java.util=ALL-UNNAMED
14-May-2025 19:45:52.741 INFORMACIÓN [main] org.apache.catalina.startup.VersionLoggerListener.log Command line argument:             --add-opens=java.base/java.util.concurrent=ALL-UNNAMED
14-May-2025 19:45:52.741 INFORMACIÓN [main] org.apache.catalina.startup.VersionLoggerListener.log Command line argument:             --add-opens=java.rmi/sun.rmi.transport=ALL-UNNAMED
14-May-2025 19:45:52.741 INFORMACIÓN [main] org.apache.catalina.startup.VersionLoggerListener.log Command line argument:             -agentlib:jdwp=transport=dt_socket,address=127.0.0.1:58052,suspend=y,server=n
14-May-2025 19:45:52.741 INFORMACIÓN [main] org.apache.catalina.startup.VersionLoggerListener.log Command line argument:             -Dcatalina.home=D:\PERSONAS\Marcos\Clases\Reto1Evaluacion\programación\apache-tomcat-9.0.102-windows-x64\apache-tomcat-9.0.102
14-May-2025 19:45:52.741 INFORMACIÓN [main] org.apache.catalina.startup.VersionLoggerListener.log Command line argument:             -Dcatalina.base=D:\PERSONAS\Marcos\Clases\Reto1Evaluacion\programación\pruebaDBconsola -El QUE VA - copia
14-May-2025 19:45:52.741 INFORMACIÓN [main] org.apache.catalina.startup.VersionLoggerListener.log Command line argument:             -Djava.io.tmpdir=D:\PERSONAS\Marcos\Clases\Reto1Evaluacion\programación\pruebaDBconsola -El QUE VA - copia\temp
14-May-2025 19:45:52.741 INFORMACIÓN [main] org.apache.catalina.startup.VersionLoggerListener.log Command line argument:             -Djava.util.logging.config.file=D:\PERSONAS\Marcos\Clases\Reto1Evaluacion\programación\pruebaDBconsola -El QUE VA - copia\conf\logging.properties
14-May-2025 19:45:52.741 INFORMACIÓN [main] org.apache.catalina.startup.VersionLoggerListener.log Command line argument:             -Djava.util.logging.manager=org.apache.juli.ClassLoaderLogManager
14-May-2025 19:45:52.742 INFORMACIÓN [main] org.apache.catalina.startup.VersionLoggerListener.log Command line argument:             -javaagent:C:\Users\S2-PC00\AppData\Local\JetBrains\IdeaIC2023.1\captureAgent\debugger-agent.jar
14-May-2025 19:45:52.742 INFORMACIÓN [main] org.apache.catalina.startup.VersionLoggerListener.log Command line argument:             -Dfile.encoding=UTF-8
14-May-2025 19:45:52.744 INFORMACIÓN [main] org.apache.catalina.core.AprLifecycleListener.lifecycleEvent Cargada la biblioteca nativa APR de Apache Tomcat [1.3.1] con la versión APR [1.7.4].
14-May-2025 19:45:52.745 INFORMACIÓN [main] org.apache.catalina.core.AprLifecycleListener.lifecycleEvent Capacidades APR: IPv6 [true], enviar fichero [true], aceptar filtros [false], aleatorio [true], UDS [true].
14-May-2025 19:45:52.745 INFORMACIÓN [main] org.apache.catalina.core.AprLifecycleListener.lifecycleEvent APR/OpenSSL configuration: useAprConnector [false], useOpenSSL [true]
14-May-2025 19:45:52.749 INFORMACIÓN [main] org.apache.catalina.core.AprLifecycleListener.initializeSSL OpenSSL inicializado correctamente [OpenSSL 3.0.14 4 Jun 2024]
14-May-2025 19:45:52.936 INFORMACIÓN [main] org.apache.coyote.AbstractProtocol.init Inicializando el manejador de protocolo ["http-nio-8080"]

14-May-2025 19:45:52.960 INFORMACIÓN [main] org.apache.catalina.startup.Catalina.load Server initialization in [405] milliseconds
14-May-2025 19:45:53.009 INFORMACIÓN [main] org.apache.catalina.core.StandardService.startInternal Arrancando servicio [Catalina]
14-May-2025 19:45:53.010 INFORMACIÓN [main] org.apache.catalina.core.StandardEngine.startInternal Starting Servlet engine: [Apache Tomcat/9.0.102]
14-May-2025 19:45:53.023 INFORMACIÓN [main] org.apache.catalina.startup.HostConfig.deployDescriptor Desplieque del descriptor de configuración [D:\PERSONAS\Marcos\Clases\Reto1Evaluacion\programación\pruebaDBconsola -El QUE VA - copia\conf\Catalina\localhost\TestAlecove.xml]
14-May-2025 19:45:53.681 INFORMACIÓN [main] org.apache.jasper.servlet.TldScanner.scanJars Al menos un JAR, que se ha explorado buscando TLDs, aún no contenía TLDs. Activar historial de depuración para este historiador para una completa lista de los JARs que fueron explorados y de los que nos se halló TLDs. Saltarse JARs no necesarios durante la exploración puede dar lugar a una mejora de tiempo significativa en el arranque y compilación de JSP .
14-May-2025 19:45:53.750 INFORMACIÓN [main] org.apache.catalina.startup.HostConfig.deployDescriptor Deployment of deployment descriptor [D:\PERSONAS\Marcos\Clases\Reto1Evaluacion\programación\pruebaDBconsola -El QUE VA - copia\conf\Catalina\localhost\TestAlecove.xml] has finished in [725] ms
14-May-2025 19:45:53.756 INFORMACIÓN [main] org.apache.coyote.AbstractProtocol.start Starting ProtocolHandler ["http-nio-8080"]
14-May-2025 19:45:53.800 INFORMACIÓN [main] org.apache.catalina.startup.Catalina.start Server startup in [839] milliseconds
14-May-2025 19:50:49.121 INFORMACIÓN [Thread-1] org.apache.coyote.AbstractProtocol.pause Pausing ProtocolHandler ["http-nio-8080"]
14-May-2025 19:50:49.180 INFORMACIÓN [Thread-1] org.apache.catalina.core.StandardService.stopInternal Parando servicio [Catalina]
14-May-2025 19:50:49.191 ADVERTENCIA [Thread-1] org.apache.catalina.loader.WebappClassLoaderBase.clearReferencesThreads The web application [TestAlecove] appears to have started a thread named [mysql-cj-abandoned-connection-cleanup] but has failed to stop it. This is very likely to create a memory leak. Stack trace of thread:
 java.base@17.0.7/java.lang.Object.wait(Native Method)
 java.base@17.0.7/java.lang.ref.ReferenceQueue.remove(ReferenceQueue.java:155)
 com.mysql.cj.jdbc.AbandonedConnectionCleanupThread.run(AbandonedConnectionCleanupThread.java:84)
 java.base@17.0.7/java.util.concurrent.ThreadPoolExecutor.runWorker(ThreadPoolExecutor.java:1136)
 java.base@17.0.7/java.util.concurrent.ThreadPoolExecutor$Worker.run(ThreadPoolExecutor.java:635)
 java.base@17.0.7/java.lang.Thread.run(Thread.java:833)
14-May-2025 19:50:49.194 INFORMACIÓN [Thread-1] org.apache.coyote.AbstractProtocol.stop Stopping ProtocolHandler ["http-nio-8080"]
14-May-2025 19:50:49.213 INFORMACIÓN [Thread-1] org.apache.coyote.AbstractProtocol.destroy Destroying ProtocolHandler ["http-nio-8080"]
14-May-2025 19:55:02.578 INFORMACIÓN [main] org.apache.catalina.startup.VersionLoggerListener.log Nombre de la versión del servidor: Apache Tomcat/9.0.102
14-May-2025 19:55:02.582 INFORMACIÓN [main] org.apache.catalina.startup.VersionLoggerListener.log Server built:                      Mar 3 2025 19:33:14 UTC
14-May-2025 19:55:02.582 INFORMACIÓN [main] org.apache.catalina.startup.VersionLoggerListener.log Número de versión de servidor:     9.0.102.0
14-May-2025 19:55:02.582 INFORMACIÓN [main] org.apache.catalina.startup.VersionLoggerListener.log OS Name:                           Windows 10
14-May-2025 19:55:02.583 INFORMACIÓN [main] org.apache.catalina.startup.VersionLoggerListener.log Versión de Systema Operativo:      10.0
14-May-2025 19:55:02.583 INFORMACIÓN [main] org.apache.catalina.startup.VersionLoggerListener.log Arquitectura:                      amd64
14-May-2025 19:55:02.583 INFORMACIÓN [main] org.apache.catalina.startup.VersionLoggerListener.log Java Home:                         C:\Program Files\Eclipse Adoptium\jdk-17.0.7.7-hotspot
14-May-2025 19:55:02.583 INFORMACIÓN [main] org.apache.catalina.startup.VersionLoggerListener.log JVM Version:                       17.0.7+7
14-May-2025 19:55:02.583 INFORMACIÓN [main] org.apache.catalina.startup.VersionLoggerListener.log Vededor JVM:                       Eclipse Adoptium
14-May-2025 19:55:02.583 INFORMACIÓN [main] org.apache.catalina.startup.VersionLoggerListener.log CATALINA_BASE:                     D:\PERSONAS\Marcos\Clases\Reto1Evaluacion\programación\pruebaDBconsola -El QUE VA - copia
14-May-2025 19:55:02.583 INFORMACIÓN [main] org.apache.catalina.startup.VersionLoggerListener.log CATALINA_HOME:                     D:\PERSONAS\Marcos\Clases\Reto1Evaluacion\programación\apache-tomcat-9.0.102-windows-x64\apache-tomcat-9.0.102
14-May-2025 19:55:02.592 INFORMACIÓN [main] org.apache.catalina.startup.VersionLoggerListener.log Command line argument:             --add-opens=java.base/java.lang=ALL-UNNAMED
14-May-2025 19:55:02.592 INFORMACIÓN [main] org.apache.catalina.startup.VersionLoggerListener.log Command line argument:             --add-opens=java.base/java.io=ALL-UNNAMED
14-May-2025 19:55:02.592 INFORMACIÓN [main] org.apache.catalina.startup.VersionLoggerListener.log Command line argument:             --add-opens=java.base/java.util=ALL-UNNAMED
14-May-2025 19:55:02.592 INFORMACIÓN [main] org.apache.catalina.startup.VersionLoggerListener.log Command line argument:             --add-opens=java.base/java.util.concurrent=ALL-UNNAMED
14-May-2025 19:55:02.592 INFORMACIÓN [main] org.apache.catalina.startup.VersionLoggerListener.log Command line argument:             --add-opens=java.rmi/sun.rmi.transport=ALL-UNNAMED
14-May-2025 19:55:02.592 INFORMACIÓN [main] org.apache.catalina.startup.VersionLoggerListener.log Command line argument:             -agentlib:jdwp=transport=dt_socket,address=127.0.0.1:58107,suspend=y,server=n
14-May-2025 19:55:02.592 INFORMACIÓN [main] org.apache.catalina.startup.VersionLoggerListener.log Command line argument:             -Dcatalina.home=D:\PERSONAS\Marcos\Clases\Reto1Evaluacion\programación\apache-tomcat-9.0.102-windows-x64\apache-tomcat-9.0.102
14-May-2025 19:55:02.592 INFORMACIÓN [main] org.apache.catalina.startup.VersionLoggerListener.log Command line argument:             -Dcatalina.base=D:\PERSONAS\Marcos\Clases\Reto1Evaluacion\programación\pruebaDBconsola -El QUE VA - copia
14-May-2025 19:55:02.593 INFORMACIÓN [main] org.apache.catalina.startup.VersionLoggerListener.log Command line argument:             -Djava.io.tmpdir=D:\PERSONAS\Marcos\Clases\Reto1Evaluacion\programación\pruebaDBconsola -El QUE VA - copia\temp
14-May-2025 19:55:02.593 INFORMACIÓN [main] org.apache.catalina.startup.VersionLoggerListener.log Command line argument:             -Djava.util.logging.config.file=D:\PERSONAS\Marcos\Clases\Reto1Evaluacion\programación\pruebaDBconsola -El QUE VA - copia\conf\logging.properties
14-May-2025 19:55:02.593 INFORMACIÓN [main] org.apache.catalina.startup.VersionLoggerListener.log Command line argument:             -Djava.util.logging.manager=org.apache.juli.ClassLoaderLogManager
14-May-2025 19:55:02.593 INFORMACIÓN [main] org.apache.catalina.startup.VersionLoggerListener.log Command line argument:             -javaagent:C:\Users\S2-PC00\AppData\Local\JetBrains\IdeaIC2023.1\captureAgent\debugger-agent.jar
14-May-2025 19:55:02.593 INFORMACIÓN [main] org.apache.catalina.startup.VersionLoggerListener.log Command line argument:             -Dfile.encoding=UTF-8
14-May-2025 19:55:02.596 INFORMACIÓN [main] org.apache.catalina.core.AprLifecycleListener.lifecycleEvent Cargada la biblioteca nativa APR de Apache Tomcat [1.3.1] con la versión APR [1.7.4].
14-May-2025 19:55:02.596 INFORMACIÓN [main] org.apache.catalina.core.AprLifecycleListener.lifecycleEvent Capacidades APR: IPv6 [true], enviar fichero [true], aceptar filtros [false], aleatorio [true], UDS [true].
14-May-2025 19:55:02.597 INFORMACIÓN [main] org.apache.catalina.core.AprLifecycleListener.lifecycleEvent APR/OpenSSL configuration: useAprConnector [false], useOpenSSL [true]
14-May-2025 19:55:02.601 INFORMACIÓN [main] org.apache.catalina.core.AprLifecycleListener.initializeSSL OpenSSL inicializado correctamente [OpenSSL 3.0.14 4 Jun 2024]
14-May-2025 19:55:02.816 INFORMACIÓN [main] org.apache.coyote.AbstractProtocol.init Inicializando el manejador de protocolo ["http-nio-8080"]

14-May-2025 19:55:02.842 INFORMACIÓN [main] org.apache.catalina.startup.Catalina.load Server initialization in [445] milliseconds
14-May-2025 19:55:02.898 INFORMACIÓN [main] org.apache.catalina.core.StandardService.startInternal Arrancando servicio [Catalina]
14-May-2025 19:55:02.898 INFORMACIÓN [main] org.apache.catalina.core.StandardEngine.startInternal Starting Servlet engine: [Apache Tomcat/9.0.102]
14-May-2025 19:55:02.907 INFORMACIÓN [main] org.apache.catalina.startup.HostConfig.deployDescriptor Desplieque del descriptor de configuración [D:\PERSONAS\Marcos\Clases\Reto1Evaluacion\programación\pruebaDBconsola -El QUE VA - copia\conf\Catalina\localhost\TestAlecove.xml]
14-May-2025 19:55:03.555 INFORMACIÓN [main] org.apache.jasper.servlet.TldScanner.scanJars Al menos un JAR, que se ha explorado buscando TLDs, aún no contenía TLDs. Activar historial de depuración para este historiador para una completa lista de los JARs que fueron explorados y de los que nos se halló TLDs. Saltarse JARs no necesarios durante la exploración puede dar lugar a una mejora de tiempo significativa en el arranque y compilación de JSP .
14-May-2025 19:55:03.620 INFORMACIÓN [main] org.apache.catalina.startup.HostConfig.deployDescriptor Deployment of deployment descriptor [D:\PERSONAS\Marcos\Clases\Reto1Evaluacion\programación\pruebaDBconsola -El QUE VA - copia\conf\Catalina\localhost\TestAlecove.xml] has finished in [713] ms
14-May-2025 19:55:03.624 INFORMACIÓN [main] org.apache.coyote.AbstractProtocol.start Starting ProtocolHandler ["http-nio-8080"]
14-May-2025 19:55:03.666 INFORMACIÓN [main] org.apache.catalina.startup.Catalina.start Server startup in [822] milliseconds
14-May-2025 19:57:05.997 INFORMACIÓN [Thread-1] org.apache.coyote.AbstractProtocol.pause Pausing ProtocolHandler ["http-nio-8080"]
14-May-2025 19:57:06.061 INFORMACIÓN [Thread-1] org.apache.catalina.core.StandardService.stopInternal Parando servicio [Catalina]
14-May-2025 19:57:06.073 ADVERTENCIA [Thread-1] org.apache.catalina.loader.WebappClassLoaderBase.clearReferencesThreads The web application [TestAlecove] appears to have started a thread named [mysql-cj-abandoned-connection-cleanup] but has failed to stop it. This is very likely to create a memory leak. Stack trace of thread:
 java.base@17.0.7/java.lang.Object.wait(Native Method)
 java.base@17.0.7/java.lang.ref.ReferenceQueue.remove(ReferenceQueue.java:155)
 com.mysql.cj.jdbc.AbandonedConnectionCleanupThread.run(AbandonedConnectionCleanupThread.java:84)
 java.base@17.0.7/java.util.concurrent.ThreadPoolExecutor.runWorker(ThreadPoolExecutor.java:1136)
 java.base@17.0.7/java.util.concurrent.ThreadPoolExecutor$Worker.run(ThreadPoolExecutor.java:635)
 java.base@17.0.7/java.lang.Thread.run(Thread.java:833)
14-May-2025 19:57:06.075 INFORMACIÓN [Thread-1] org.apache.coyote.AbstractProtocol.stop Stopping ProtocolHandler ["http-nio-8080"]
14-May-2025 19:57:06.087 INFORMACIÓN [Thread-1] org.apache.coyote.AbstractProtocol.destroy Destroying ProtocolHandler ["http-nio-8080"]
14-May-2025 19:57:08.266 INFORMACIÓN [main] org.apache.catalina.startup.VersionLoggerListener.log Nombre de la versión del servidor: Apache Tomcat/9.0.102
14-May-2025 19:57:08.270 INFORMACIÓN [main] org.apache.catalina.startup.VersionLoggerListener.log Server built:                      Mar 3 2025 19:33:14 UTC
14-May-2025 19:57:08.270 INFORMACIÓN [main] org.apache.catalina.startup.VersionLoggerListener.log Número de versión de servidor:     9.0.102.0
14-May-2025 19:57:08.270 INFORMACIÓN [main] org.apache.catalina.startup.VersionLoggerListener.log OS Name:                           Windows 10
14-May-2025 19:57:08.271 INFORMACIÓN [main] org.apache.catalina.startup.VersionLoggerListener.log Versión de Systema Operativo:      10.0
14-May-2025 19:57:08.271 INFORMACIÓN [main] org.apache.catalina.startup.VersionLoggerListener.log Arquitectura:                      amd64
14-May-2025 19:57:08.271 INFORMACIÓN [main] org.apache.catalina.startup.VersionLoggerListener.log Java Home:                         C:\Program Files\Eclipse Adoptium\jdk-17.0.7.7-hotspot
14-May-2025 19:57:08.271 INFORMACIÓN [main] org.apache.catalina.startup.VersionLoggerListener.log JVM Version:                       17.0.7+7
14-May-2025 19:57:08.271 INFORMACIÓN [main] org.apache.catalina.startup.VersionLoggerListener.log Vededor JVM:                       Eclipse Adoptium
14-May-2025 19:57:08.271 INFORMACIÓN [main] org.apache.catalina.startup.VersionLoggerListener.log CATALINA_BASE:                     D:\PERSONAS\Marcos\Clases\Reto1Evaluacion\programación\pruebaDBconsola -El QUE VA - copia
14-May-2025 19:57:08.271 INFORMACIÓN [main] org.apache.catalina.startup.VersionLoggerListener.log CATALINA_HOME:                     D:\PERSONAS\Marcos\Clases\Reto1Evaluacion\programación\apache-tomcat-9.0.102-windows-x64\apache-tomcat-9.0.102
14-May-2025 19:57:08.279 INFORMACIÓN [main] org.apache.catalina.startup.VersionLoggerListener.log Command line argument:             --add-opens=java.base/java.lang=ALL-UNNAMED
14-May-2025 19:57:08.279 INFORMACIÓN [main] org.apache.catalina.startup.VersionLoggerListener.log Command line argument:             --add-opens=java.base/java.io=ALL-UNNAMED
14-May-2025 19:57:08.280 INFORMACIÓN [main] org.apache.catalina.startup.VersionLoggerListener.log Command line argument:             --add-opens=java.base/java.util=ALL-UNNAMED
14-May-2025 19:57:08.280 INFORMACIÓN [main] org.apache.catalina.startup.VersionLoggerListener.log Command line argument:             --add-opens=java.base/java.util.concurrent=ALL-UNNAMED
14-May-2025 19:57:08.280 INFORMACIÓN [main] org.apache.catalina.startup.VersionLoggerListener.log Command line argument:             --add-opens=java.rmi/sun.rmi.transport=ALL-UNNAMED
14-May-2025 19:57:08.280 INFORMACIÓN [main] org.apache.catalina.startup.VersionLoggerListener.log Command line argument:             -agentlib:jdwp=transport=dt_socket,address=127.0.0.1:58123,suspend=y,server=n
14-May-2025 19:57:08.280 INFORMACIÓN [main] org.apache.catalina.startup.VersionLoggerListener.log Command line argument:             -Dcatalina.home=D:\PERSONAS\Marcos\Clases\Reto1Evaluacion\programación\apache-tomcat-9.0.102-windows-x64\apache-tomcat-9.0.102
14-May-2025 19:57:08.280 INFORMACIÓN [main] org.apache.catalina.startup.VersionLoggerListener.log Command line argument:             -Dcatalina.base=D:\PERSONAS\Marcos\Clases\Reto1Evaluacion\programación\pruebaDBconsola -El QUE VA - copia
14-May-2025 19:57:08.280 INFORMACIÓN [main] org.apache.catalina.startup.VersionLoggerListener.log Command line argument:             -Djava.io.tmpdir=D:\PERSONAS\Marcos\Clases\Reto1Evaluacion\programación\pruebaDBconsola -El QUE VA - copia\temp
14-May-2025 19:57:08.280 INFORMACIÓN [main] org.apache.catalina.startup.VersionLoggerListener.log Command line argument:             -Djava.util.logging.config.file=D:\PERSONAS\Marcos\Clases\Reto1Evaluacion\programación\pruebaDBconsola -El QUE VA - copia\conf\logging.properties
14-May-2025 19:57:08.280 INFORMACIÓN [main] org.apache.catalina.startup.VersionLoggerListener.log Command line argument:             -Djava.util.logging.manager=org.apache.juli.ClassLoaderLogManager
14-May-2025 19:57:08.280 INFORMACIÓN [main] org.apache.catalina.startup.VersionLoggerListener.log Command line argument:             -javaagent:C:\Users\S2-PC00\AppData\Local\JetBrains\IdeaIC2023.1\captureAgent\debugger-agent.jar
14-May-2025 19:57:08.280 INFORMACIÓN [main] org.apache.catalina.startup.VersionLoggerListener.log Command line argument:             -Dfile.encoding=UTF-8
14-May-2025 19:57:08.283 INFORMACIÓN [main] org.apache.catalina.core.AprLifecycleListener.lifecycleEvent Cargada la biblioteca nativa APR de Apache Tomcat [1.3.1] con la versión APR [1.7.4].
14-May-2025 19:57:08.283 INFORMACIÓN [main] org.apache.catalina.core.AprLifecycleListener.lifecycleEvent Capacidades APR: IPv6 [true], enviar fichero [true], aceptar filtros [false], aleatorio [true], UDS [true].
14-May-2025 19:57:08.283 INFORMACIÓN [main] org.apache.catalina.core.AprLifecycleListener.lifecycleEvent APR/OpenSSL configuration: useAprConnector [false], useOpenSSL [true]
14-May-2025 19:57:08.287 INFORMACIÓN [main] org.apache.catalina.core.AprLifecycleListener.initializeSSL OpenSSL inicializado correctamente [OpenSSL 3.0.14 4 Jun 2024]
14-May-2025 19:57:08.478 INFORMACIÓN [main] org.apache.coyote.AbstractProtocol.init Inicializando el manejador de protocolo ["http-nio-8080"]

14-May-2025 19:57:08.506 INFORMACIÓN [main] org.apache.catalina.startup.Catalina.load Server initialization in [409] milliseconds
14-May-2025 19:57:08.563 INFORMACIÓN [main] org.apache.catalina.core.StandardService.startInternal Arrancando servicio [Catalina]
14-May-2025 19:57:08.563 INFORMACIÓN [main] org.apache.catalina.core.StandardEngine.startInternal Starting Servlet engine: [Apache Tomcat/9.0.102]
14-May-2025 19:57:08.572 INFORMACIÓN [main] org.apache.catalina.startup.HostConfig.deployDescriptor Desplieque del descriptor de configuración [D:\PERSONAS\Marcos\Clases\Reto1Evaluacion\programación\pruebaDBconsola -El QUE VA - copia\conf\Catalina\localhost\TestAlecove.xml]
14-May-2025 19:57:09.211 INFORMACIÓN [main] org.apache.jasper.servlet.TldScanner.scanJars Al menos un JAR, que se ha explorado buscando TLDs, aún no contenía TLDs. Activar historial de depuración para este historiador para una completa lista de los JARs que fueron explorados y de los que nos se halló TLDs. Saltarse JARs no necesarios durante la exploración puede dar lugar a una mejora de tiempo significativa en el arranque y compilación de JSP .
14-May-2025 19:57:09.277 INFORMACIÓN [main] org.apache.catalina.startup.HostConfig.deployDescriptor Deployment of deployment descriptor [D:\PERSONAS\Marcos\Clases\Reto1Evaluacion\programación\pruebaDBconsola -El QUE VA - copia\conf\Catalina\localhost\TestAlecove.xml] has finished in [701] ms
14-May-2025 19:57:09.283 INFORMACIÓN [main] org.apache.coyote.AbstractProtocol.start Starting ProtocolHandler ["http-nio-8080"]
14-May-2025 19:57:09.326 INFORMACIÓN [main] org.apache.catalina.startup.Catalina.start Server startup in [820] milliseconds
14-May-2025 19:57:13.070 INFORMACIÓN [Thread-1] org.apache.coyote.AbstractProtocol.pause Pausing ProtocolHandler ["http-nio-8080"]
14-May-2025 19:57:13.131 INFORMACIÓN [Thread-1] org.apache.catalina.core.StandardService.stopInternal Parando servicio [Catalina]
14-May-2025 19:57:13.141 ADVERTENCIA [Thread-1] org.apache.catalina.loader.WebappClassLoaderBase.clearReferencesThreads The web application [TestAlecove] appears to have started a thread named [mysql-cj-abandoned-connection-cleanup] but has failed to stop it. This is very likely to create a memory leak. Stack trace of thread:
 java.base@17.0.7/java.io.WinNTFileSystem.canonicalize0(Native Method)
 java.base@17.0.7/java.io.WinNTFileSystem.canonicalize(WinNTFileSystem.java:462)
 java.base@17.0.7/java.io.File.getCanonicalPath(File.java:626)
 org.apache.catalina.webresources.AbstractFileResourceSet.file(AbstractFileResourceSet.java:94)
 org.apache.catalina.webresources.DirResourceSet.getResource(DirResourceSet.java:113)
 org.apache.catalina.webresources.StandardRoot.getResourceInternal(StandardRoot.java:273)
 org.apache.catalina.webresources.CachedResource.validateResource(CachedResource.java:107)
 org.apache.catalina.webresources.Cache.getResource(Cache.java:96)
 org.apache.catalina.webresources.StandardRoot.getResource(StandardRoot.java:212)
 org.apache.catalina.webresources.StandardRoot.getClassLoaderResource(StandardRoot.java:221)
 org.apache.catalina.loader.WebappClassLoaderBase.findResource(WebappClassLoaderBase.java:902)
 org.apache.catalina.loader.WebappClassLoaderBase.getResource(WebappClassLoaderBase.java:1017)
 com.mysql.cj.jdbc.AbandonedConnectionCleanupThread.checkThreadContextClassLoader(AbandonedConnectionCleanupThread.java:116)
 com.mysql.cj.jdbc.AbandonedConnectionCleanupThread.run(AbandonedConnectionCleanupThread.java:83)
 java.base@17.0.7/java.util.concurrent.ThreadPoolExecutor.runWorker(ThreadPoolExecutor.java:1136)
 java.base@17.0.7/java.util.concurrent.ThreadPoolExecutor$Worker.run(ThreadPoolExecutor.java:635)
 java.base@17.0.7/java.lang.Thread.run(Thread.java:833)
14-May-2025 19:57:13.144 INFORMACIÓN [Thread-1] org.apache.coyote.AbstractProtocol.stop Stopping ProtocolHandler ["http-nio-8080"]
14-May-2025 19:57:13.164 INFORMACIÓN [Thread-1] org.apache.coyote.AbstractProtocol.destroy Destroying ProtocolHandler ["http-nio-8080"]
14-May-2025 19:57:14.020 INFORMACIÓN [main] org.apache.catalina.startup.VersionLoggerListener.log Nombre de la versión del servidor: Apache Tomcat/9.0.102
14-May-2025 19:57:14.023 INFORMACIÓN [main] org.apache.catalina.startup.VersionLoggerListener.log Server built:                      Mar 3 2025 19:33:14 UTC
14-May-2025 19:57:14.024 INFORMACIÓN [main] org.apache.catalina.startup.VersionLoggerListener.log Número de versión de servidor:     9.0.102.0
14-May-2025 19:57:14.024 INFORMACIÓN [main] org.apache.catalina.startup.VersionLoggerListener.log OS Name:                           Windows 10
14-May-2025 19:57:14.024 INFORMACIÓN [main] org.apache.catalina.startup.VersionLoggerListener.log Versión de Systema Operativo:      10.0
14-May-2025 19:57:14.024 INFORMACIÓN [main] org.apache.catalina.startup.VersionLoggerListener.log Arquitectura:                      amd64
14-May-2025 19:57:14.024 INFORMACIÓN [main] org.apache.catalina.startup.VersionLoggerListener.log Java Home:                         C:\Program Files\Eclipse Adoptium\jdk-17.0.7.7-hotspot
14-May-2025 19:57:14.024 INFORMACIÓN [main] org.apache.catalina.startup.VersionLoggerListener.log JVM Version:                       17.0.7+7
14-May-2025 19:57:14.024 INFORMACIÓN [main] org.apache.catalina.startup.VersionLoggerListener.log Vededor JVM:                       Eclipse Adoptium
14-May-2025 19:57:14.024 INFORMACIÓN [main] org.apache.catalina.startup.VersionLoggerListener.log CATALINA_BASE:                     D:\PERSONAS\Marcos\Clases\Reto1Evaluacion\programación\pruebaDBconsola -El QUE VA - copia
14-May-2025 19:57:14.024 INFORMACIÓN [main] org.apache.catalina.startup.VersionLoggerListener.log CATALINA_HOME:                     D:\PERSONAS\Marcos\Clases\Reto1Evaluacion\programación\apache-tomcat-9.0.102-windows-x64\apache-tomcat-9.0.102
14-May-2025 19:57:14.032 INFORMACIÓN [main] org.apache.catalina.startup.VersionLoggerListener.log Command line argument:             --add-opens=java.base/java.lang=ALL-UNNAMED
14-May-2025 19:57:14.033 INFORMACIÓN [main] org.apache.catalina.startup.VersionLoggerListener.log Command line argument:             --add-opens=java.base/java.io=ALL-UNNAMED
14-May-2025 19:57:14.033 INFORMACIÓN [main] org.apache.catalina.startup.VersionLoggerListener.log Command line argument:             --add-opens=java.base/java.util=ALL-UNNAMED
14-May-2025 19:57:14.033 INFORMACIÓN [main] org.apache.catalina.startup.VersionLoggerListener.log Command line argument:             --add-opens=java.base/java.util.concurrent=ALL-UNNAMED
14-May-2025 19:57:14.033 INFORMACIÓN [main] org.apache.catalina.startup.VersionLoggerListener.log Command line argument:             --add-opens=java.rmi/sun.rmi.transport=ALL-UNNAMED
14-May-2025 19:57:14.033 INFORMACIÓN [main] org.apache.catalina.startup.VersionLoggerListener.log Command line argument:             -agentlib:jdwp=transport=dt_socket,address=127.0.0.1:58127,suspend=y,server=n
14-May-2025 19:57:14.033 INFORMACIÓN [main] org.apache.catalina.startup.VersionLoggerListener.log Command line argument:             -Dcatalina.home=D:\PERSONAS\Marcos\Clases\Reto1Evaluacion\programación\apache-tomcat-9.0.102-windows-x64\apache-tomcat-9.0.102
14-May-2025 19:57:14.033 INFORMACIÓN [main] org.apache.catalina.startup.VersionLoggerListener.log Command line argument:             -Dcatalina.base=D:\PERSONAS\Marcos\Clases\Reto1Evaluacion\programación\pruebaDBconsola -El QUE VA - copia
14-May-2025 19:57:14.033 INFORMACIÓN [main] org.apache.catalina.startup.VersionLoggerListener.log Command line argument:             -Djava.io.tmpdir=D:\PERSONAS\Marcos\Clases\Reto1Evaluacion\programación\pruebaDBconsola -El QUE VA - copia\temp
14-May-2025 19:57:14.033 INFORMACIÓN [main] org.apache.catalina.startup.VersionLoggerListener.log Command line argument:             -Djava.util.logging.config.file=D:\PERSONAS\Marcos\Clases\Reto1Evaluacion\programación\pruebaDBconsola -El QUE VA - copia\conf\logging.properties
14-May-2025 19:57:14.033 INFORMACIÓN [main] org.apache.catalina.startup.VersionLoggerListener.log Command line argument:             -Djava.util.logging.manager=org.apache.juli.ClassLoaderLogManager
14-May-2025 19:57:14.033 INFORMACIÓN [main] org.apache.catalina.startup.VersionLoggerListener.log Command line argument:             -javaagent:C:\Users\S2-PC00\AppData\Local\JetBrains\IdeaIC2023.1\captureAgent\debugger-agent.jar
14-May-2025 19:57:14.034 INFORMACIÓN [main] org.apache.catalina.startup.VersionLoggerListener.log Command line argument:             -Dfile.encoding=UTF-8
14-May-2025 19:57:14.036 INFORMACIÓN [main] org.apache.catalina.core.AprLifecycleListener.lifecycleEvent Cargada la biblioteca nativa APR de Apache Tomcat [1.3.1] con la versión APR [1.7.4].
14-May-2025 19:57:14.036 INFORMACIÓN [main] org.apache.catalina.core.AprLifecycleListener.lifecycleEvent Capacidades APR: IPv6 [true], enviar fichero [true], aceptar filtros [false], aleatorio [true], UDS [true].
14-May-2025 19:57:14.036 INFORMACIÓN [main] org.apache.catalina.core.AprLifecycleListener.lifecycleEvent APR/OpenSSL configuration: useAprConnector [false], useOpenSSL [true]
14-May-2025 19:57:14.041 INFORMACIÓN [main] org.apache.catalina.core.AprLifecycleListener.initializeSSL OpenSSL inicializado correctamente [OpenSSL 3.0.14 4 Jun 2024]
14-May-2025 19:57:14.257 INFORMACIÓN [main] org.apache.coyote.AbstractProtocol.init Inicializando el manejador de protocolo ["http-nio-8080"]

14-May-2025 19:57:14.284 INFORMACIÓN [main] org.apache.catalina.startup.Catalina.load Server initialization in [439] milliseconds
14-May-2025 19:57:14.340 INFORMACIÓN [main] org.apache.catalina.core.StandardService.startInternal Arrancando servicio [Catalina]
14-May-2025 19:57:14.341 INFORMACIÓN [main] org.apache.catalina.core.StandardEngine.startInternal Starting Servlet engine: [Apache Tomcat/9.0.102]
14-May-2025 19:57:14.354 INFORMACIÓN [main] org.apache.catalina.startup.HostConfig.deployDescriptor Desplieque del descriptor de configuración [D:\PERSONAS\Marcos\Clases\Reto1Evaluacion\programación\pruebaDBconsola -El QUE VA - copia\conf\Catalina\localhost\TestAlecove.xml]
14-May-2025 19:57:15.005 INFORMACIÓN [main] org.apache.jasper.servlet.TldScanner.scanJars Al menos un JAR, que se ha explorado buscando TLDs, aún no contenía TLDs. Activar historial de depuración para este historiador para una completa lista de los JARs que fueron explorados y de los que nos se halló TLDs. Saltarse JARs no necesarios durante la exploración puede dar lugar a una mejora de tiempo significativa en el arranque y compilación de JSP .
14-May-2025 19:57:15.072 INFORMACIÓN [main] org.apache.catalina.startup.HostConfig.deployDescriptor Deployment of deployment descriptor [D:\PERSONAS\Marcos\Clases\Reto1Evaluacion\programación\pruebaDBconsola -El QUE VA - copia\conf\Catalina\localhost\TestAlecove.xml] has finished in [717] ms
14-May-2025 19:57:15.077 INFORMACIÓN [main] org.apache.coyote.AbstractProtocol.start Starting ProtocolHandler ["http-nio-8080"]
14-May-2025 19:57:15.118 INFORMACIÓN [main] org.apache.catalina.startup.Catalina.start Server startup in [833] milliseconds
14-May-2025 20:35:53.492 INFORMACIÓN [Thread-1] org.apache.coyote.AbstractProtocol.pause Pausing ProtocolHandler ["http-nio-8080"]
14-May-2025 20:35:53.550 INFORMACIÓN [Thread-1] org.apache.catalina.core.StandardService.stopInternal Parando servicio [Catalina]
14-May-2025 20:35:53.553 ADVERTENCIA [Thread-1] org.apache.catalina.loader.WebappClassLoaderBase.clearReferencesJdbc La aplicación web [TestAlecove] registró el conductor JDBC [com.mysql.cj.jdbc.Driver] pero falló al anular el registro mientras la aplicación web estaba parada. Para prevenir un fallo de memoria, se ha anulado el registro del conductor JDBC por la fuerza.
14-May-2025 20:35:53.554 ADVERTENCIA [Thread-1] org.apache.catalina.loader.WebappClassLoaderBase.clearReferencesThreads The web application [TestAlecove] appears to have started a thread named [mysql-cj-abandoned-connection-cleanup] but has failed to stop it. This is very likely to create a memory leak. Stack trace of thread:
 java.base@17.0.7/java.lang.Object.wait(Native Method)
 java.base@17.0.7/java.lang.ref.ReferenceQueue.remove(ReferenceQueue.java:155)
 com.mysql.cj.jdbc.AbandonedConnectionCleanupThread.run(AbandonedConnectionCleanupThread.java:84)
 java.base@17.0.7/java.util.concurrent.ThreadPoolExecutor.runWorker(ThreadPoolExecutor.java:1136)
 java.base@17.0.7/java.util.concurrent.ThreadPoolExecutor$Worker.run(ThreadPoolExecutor.java:635)
 java.base@17.0.7/java.lang.Thread.run(Thread.java:833)
14-May-2025 20:35:53.557 INFORMACIÓN [Thread-1] org.apache.coyote.AbstractProtocol.stop Stopping ProtocolHandler ["http-nio-8080"]
14-May-2025 20:35:53.564 INFORMACIÓN [Thread-1] org.apache.coyote.AbstractProtocol.destroy Destroying ProtocolHandler ["http-nio-8080"]
14-May-2025 20:35:53.565 INFORMACIÓN [mysql-cj-abandoned-connection-cleanup] org.apache.catalina.loader.WebappClassLoaderBase.checkStateForResourceLoading Acceso ilegal: esta instancia de aplicación web ya ha sido parada.  Could not load [].  La eventual traza de pila que sigue ha sido motivada por un error lanzado con motivos de depuración así como para intentar terminar el hilo que motivó el acceso ilegal y no tiene impacto funcional.
	java.lang.IllegalStateException: Acceso ilegal: esta instancia de aplicación web ya ha sido parada.  Could not load [].  La eventual traza de pila que sigue ha sido motivada por un error lanzado con motivos de depuración así como para intentar terminar el hilo que motivó el acceso ilegal y no tiene impacto funcional.
		at org.apache.catalina.loader.WebappClassLoaderBase.checkStateForResourceLoading(WebappClassLoaderBase.java:1373)
		at org.apache.catalina.loader.WebappClassLoaderBase.getResource(WebappClassLoaderBase.java:996)
		at com.mysql.cj.jdbc.AbandonedConnectionCleanupThread.checkThreadContextClassLoader(AbandonedConnectionCleanupThread.java:116)
		at com.mysql.cj.jdbc.AbandonedConnectionCleanupThread.run(AbandonedConnectionCleanupThread.java:83)
		at java.base/java.util.concurrent.ThreadPoolExecutor.runWorker(ThreadPoolExecutor.java:1136)
		at java.base/java.util.concurrent.ThreadPoolExecutor$Worker.run(ThreadPoolExecutor.java:635)
		at java.base/java.lang.Thread.run(Thread.java:833)
